<?xml version="1.0" encoding="UTF-8"?>
<!-- Generated by org.testng.reporters.JUnitReportReporter -->
<testsuite hostname="DESKTOP-73UNNM7" failures="0" tests="4" name="api.test.UserTests" time="12.493" errors="0" timestamp="2024-11-23T13:15:13 IST" skipped="0">
  <testcase classname="api.test.UserTests" name="testPostUser" time="5.852"/>
  <testcase classname="api.test.UserTests" name="testGetUser" time="2.084"/>
  <testcase classname="api.test.UserTests" name="testupdateUser" time="3.125"/>
  <testcase classname="api.test.UserTests" name="testDeleteUser" time="1.432"/>
</testsuite> <!-- api.test.UserTests -->
