<?xml version="1.0" encoding="UTF-8"?>
<!-- Generated by org.testng.reporters.JUnitReportReporter -->
<testsuite hostname="DESKTOP-73UNNM7" failures="0" tests="15" name="api.test.DatadrivenUserTests" time="30.240" errors="0" timestamp="2024-10-03T15:45:21 IST" skipped="0">
  <testcase classname="api.test.DatadrivenUserTests" name="testPostUser" time="1.792"/>
  <testcase classname="api.test.DatadrivenUserTests" name="testPostUser" time="1.638"/>
  <testcase classname="api.test.DatadrivenUserTests" name="testPostUser" time="5.236"/>
  <testcase classname="api.test.DatadrivenUserTests" name="testPostUser" time="1.776"/>
  <testcase classname="api.test.DatadrivenUserTests" name="testPostUser" time="1.677"/>
  <testcase classname="api.test.DatadrivenUserTests" name="testGetUser" time="1.834"/>
  <testcase classname="api.test.DatadrivenUserTests" name="testGetUser" time="1.828"/>
  <testcase classname="api.test.DatadrivenUserTests" name="testGetUser" time="1.836"/>
  <testcase classname="api.test.DatadrivenUserTests" name="testGetUser" time="1.828"/>
  <testcase classname="api.test.DatadrivenUserTests" name="testGetUser" time="1.863"/>
  <testcase classname="api.test.DatadrivenUserTests" name="testDeleteUser" time="1.750"/>
  <testcase classname="api.test.DatadrivenUserTests" name="testDeleteUser" time="1.862"/>
  <testcase classname="api.test.DatadrivenUserTests" name="testDeleteUser" time="1.855"/>
  <testcase classname="api.test.DatadrivenUserTests" name="testDeleteUser" time="1.771"/>
  <testcase classname="api.test.DatadrivenUserTests" name="testDeleteUser" time="1.694"/>
</testsuite> <!-- api.test.DatadrivenUserTests -->
