<?xml version="1.0" encoding="UTF-8"?>
<!-- Generated by org.testng.reporters.JUnitReportReporter -->
<testsuite hostname="DESKTOP-73UNNM7" failures="0" tests="4" name="api.test.UserTests2" time="12.256" errors="0" timestamp="2024-10-04T13:28:58 IST" skipped="0">
  <testcase classname="api.test.UserTests2" name="testPostUser" time="5.775"/>
  <testcase classname="api.test.UserTests2" name="testGetUser" time="1.619"/>
  <testcase classname="api.test.UserTests2" name="testupdateUser" time="3.138"/>
  <testcase classname="api.test.UserTests2" name="testDeleteUser" time="1.724"/>
</testsuite> <!-- api.test.UserTests2 -->
