<?xml version="1.0" encoding="UTF-8"?>
<!-- Generated by org.testng.reporters.JUnitReportReporter -->
<testsuite hostname="DESKTOP-73UNNM7" failures="0" tests="3" name="api.test.StoreTests" time="4.652" errors="0" timestamp="2024-11-23T13:15:13 IST" skipped="0">
  <testcase classname="api.test.StoreTests" name="testCreateOrder" time="1.543"/>
  <testcase classname="api.test.StoreTests" name="testGetOrder" time="1.534"/>
  <testcase classname="api.test.StoreTests" name="testDeleteOrder" time="1.575"/>
</testsuite> <!-- api.test.StoreTests -->
