<?xml version="1.0" encoding="UTF-8"?>
<!-- Generated by org.testng.reporters.JUnitReportReporter -->
<testsuite hostname="DESKTOP-73UNNM7" failures="0" tests="4" name="api.test.PetTests" time="6.111" errors="0" timestamp="2024-11-23T13:15:13 IST" skipped="0">
  <testcase classname="api.test.PetTests" name="testAddPet" time="1.603"/>
  <testcase classname="api.test.PetTests" name="testGetPet" time="1.548"/>
  <testcase classname="api.test.PetTests" name="testupdatePet" time="1.493"/>
  <testcase classname="api.test.PetTests" name="testDeletePet" time="1.467"/>
</testsuite> <!-- api.test.PetTests -->
